<?xml version="1.0" encoding="UTF-8"?>
<testng-results total="1" passed="1" failed="0" skipped="0">
  <reporter-output>
  </reporter-output>
  <suite started-at="2024-02-29T11:28:24Z" name="Default suite" finished-at="2024-02-29T11:29:11Z" duration-ms="46363">
    <groups>
    </groups>
    <test started-at="2024-02-29T11:28:24Z" name="Default test" finished-at="2024-02-29T11:29:11Z" duration-ms="46363">
      <class name="com.CRM.qa.Testcases.Roughwork">
        <test-method is-config="true" signature="setup()[pri:0, instance:com.CRM.qa.Testcases.Roughwork@7d9d0818]" started-at="2024-02-29T16:58:24Z" name="setup" finished-at="2024-02-29T16:58:56Z" duration-ms="31792" status="PASS">
          <reporter-output>
          </reporter-output>
        </test-method> <!-- setup -->
        <test-method signature="login()[pri:0, instance:com.CRM.qa.Testcases.Roughwork@7d9d0818]" started-at="2024-02-29T16:58:56Z" name="login" finished-at="2024-02-29T16:59:11Z" duration-ms="14555" status="PASS">
          <reporter-output>
          </reporter-output>
        </test-method> <!-- login -->
        <test-method is-config="true" signature="teardown()[pri:0, instance:com.CRM.qa.Testcases.Roughwork@7d9d0818]" started-at="2024-02-29T16:59:11Z" name="teardown" finished-at="2024-02-29T16:59:11Z" duration-ms="1" status="PASS">
          <reporter-output>
          </reporter-output>
        </test-method> <!-- teardown -->
      </class> <!-- com.CRM.qa.Testcases.Roughwork -->
    </test> <!-- Default test -->
  </suite> <!-- Default suite -->
</testng-results>
