<?xml version="1.0" encoding="UTF-8"?>
<testng-results total="2" passed="2" failed="0" skipped="0">
  <reporter-output>
  </reporter-output>
  <suite started-at="2024-02-15T10:01:20Z" name="Suite" finished-at="2024-02-15T10:01:20Z" duration-ms="58">
    <groups>
    </groups>
    <test started-at="2024-02-15T10:01:20Z" name="Test" finished-at="2024-02-15T10:01:20Z" duration-ms="58">
      <class name="org.Automation.Test.Testcases">
        <test-method signature="testtofail()[pri:0, instance:org.Automation.Test.Testcases@60723d6a]" started-at="2024-02-15T15:31:20Z" name="testtofail" finished-at="2024-02-15T15:31:20Z" duration-ms="26" status="PASS">
          <reporter-output>
          </reporter-output>
        </test-method> <!-- testtofail -->
        <test-method signature="testtopass()[pri:0, instance:org.Automation.Test.Testcases@60723d6a]" started-at="2024-02-15T15:31:20Z" name="testtopass" finished-at="2024-02-15T15:31:20Z" duration-ms="3" status="PASS">
          <reporter-output>
          </reporter-output>
        </test-method> <!-- testtopass -->
      </class> <!-- org.Automation.Test.Testcases -->
    </test> <!-- Test -->
  </suite> <!-- Suite -->
</testng-results>
