<?xml version="1.0" encoding="UTF-8"?>
<!-- Generated by org.testng.reporters.JUnitXMLReporter -->
<testsuite hostname="LAPTOP-CD3D46K5" failures="1" tests="2" name="Test" time="11.194" errors="0" timestamp="21 Feb 2024 13:30:59 GMT">
  <testcase classname="org.Automation.Test.TC_01" name="login" time="9.037"/>
  <testcase classname="org.Automation.Test.TC_01" name="login" time="9.601">
    <failure type="java.lang.NullPointerException" message="Cannot invoke &amp;quot;com.aventstack.extentreports.ExtentReports.createTest(String)&amp;quot; because &amp;quot;extentre.ITestListnerclass.extent&amp;quot; is null">
      <![CDATA[java.lang.NullPointerException: Cannot invoke "com.aventstack.extentreports.ExtentReports.createTest(String)" because "extentre.ITestListnerclass.extent" is null
	at extentre.ITestListnerclass.onTestSuccess(ITestListnerclass.java:31)
... Removed 21 stack frames]]>
    </failure>
  </testcase> <!-- login -->
</testsuite> <!-- Test -->
